| time |reset|ARegister|DRegister|PC[]|RAM16K[15|RAM16K[16|RAM16K[17|
| 0    |  0  |       0 |       0 |   0|       0 |       0 |       0 |
| 1    |  0  |      16 |       0 |   1|       0 |       0 |       0 |
| 2    |  0  |      16 |       0 |   2|       0 |       1 |       0 |
| 3    |  0  |      17 |       0 |   3|       0 |       1 |       0 |
| 4    |  0  |      17 |       0 |   4|       0 |       1 |       0 |
| 5    |  0  |      16 |       0 |   5|       0 |       1 |       0 |
| 6    |  0  |      16 |       1 |   6|       0 |       1 |       0 |
| 7    |  0  |      20 |       1 |   7|       0 |       1 |       0 |
| 8    |  0  |      20 |     -19 |   8|       0 |       1 |       0 |
| 9    |  0  |      18 |     -19 |   9|       0 |       1 |       0 |
| 10   |  0  |      18 |     -19 |  10|       0 |       1 |       0 |
| 11   |  0  |      16 |     -19 |  11|       0 |       1 |       0 |
| 12   |  0  |      16 |       1 |  12|       0 |       1 |       0 |
| 13   |  0  |      17 |       1 |  13|       0 |       1 |       0 |
| 14   |  0  |      17 |       1 |  14|       0 |       1 |       1 |
| 15   |  0  |      16 |       1 |  15|       0 |       1 |       1 |
| 16   |  0  |      16 |       1 |  16|       0 |       2 |       1 |
| 17   |  0  |       4 |       1 |  17|       0 |       2 |       1 |
| 18   |  0  |       4 |       1 |   4|       0 |       2 |       1 |
| 19   |  0  |      16 |       1 |   5|       0 |       2 |       1 |
| 20   |  0  |      16 |       2 |   6|       0 |       2 |       1 |
| 21   |  0  |      20 |       2 |   7|       0 |       2 |       1 |
| 22   |  0  |      20 |     -18 |   8|       0 |       2 |       1 |
| 23   |  0  |      18 |     -18 |   9|       0 |       2 |       1 |
| 24   |  0  |      18 |     -18 |  10|       0 |       2 |       1 |
| 25   |  0  |      16 |     -18 |  11|       0 |       2 |       1 |
| 26   |  0  |      16 |       2 |  12|       0 |       2 |       1 |
| 27   |  0  |      17 |       2 |  13|       0 |       2 |       1 |
| 28   |  0  |      17 |       2 |  14|       0 |       2 |       3 |
| 29   |  0  |      16 |       2 |  15|       0 |       2 |       3 |
| 30   |  0  |      16 |       2 |  16|       0 |       3 |       3 |
| 31   |  0  |       4 |       2 |  17|       0 |       3 |       3 |
| 32   |  0  |       4 |       2 |   4|       0 |       3 |       3 |
| 33   |  0  |      16 |       2 |   5|       0 |       3 |       3 |
| 34   |  0  |      16 |       3 |   6|       0 |       3 |       3 |
| 35   |  0  |      20 |       3 |   7|       0 |       3 |       3 |
| 36   |  0  |      20 |     -17 |   8|       0 |       3 |       3 |
| 37   |  0  |      18 |     -17 |   9|       0 |       3 |       3 |
| 38   |  0  |      18 |     -17 |  10|       0 |       3 |       3 |
| 39   |  0  |      16 |     -17 |  11|       0 |       3 |       3 |
| 40   |  0  |      16 |       3 |  12|       0 |       3 |       3 |
| 41   |  0  |      17 |       3 |  13|       0 |       3 |       3 |
| 42   |  0  |      17 |       3 |  14|       0 |       3 |       6 |
| 43   |  0  |      16 |       3 |  15|       0 |       3 |       6 |
| 44   |  0  |      16 |       3 |  16|       0 |       4 |       6 |
| 45   |  0  |       4 |       3 |  17|       0 |       4 |       6 |
| 46   |  0  |       4 |       3 |   4|       0 |       4 |       6 |
| 47   |  0  |      16 |       3 |   5|       0 |       4 |       6 |
| 48   |  0  |      16 |       4 |   6|       0 |       4 |       6 |
| 49   |  0  |      20 |       4 |   7|       0 |       4 |       6 |
| 50   |  0  |      20 |     -16 |   8|       0 |       4 |       6 |
| 51   |  0  |      18 |     -16 |   9|       0 |       4 |       6 |
| 52   |  0  |      18 |     -16 |  10|       0 |       4 |       6 |
| 53   |  0  |      16 |     -16 |  11|       0 |       4 |       6 |
| 54   |  0  |      16 |       4 |  12|       0 |       4 |       6 |
| 55   |  0  |      17 |       4 |  13|       0 |       4 |       6 |
| 56   |  0  |      17 |       4 |  14|       0 |       4 |      10 |
| 57   |  0  |      16 |       4 |  15|       0 |       4 |      10 |
| 58   |  0  |      16 |       4 |  16|       0 |       5 |      10 |
| 59   |  0  |       4 |       4 |  17|       0 |       5 |      10 |
| 60   |  0  |       4 |       4 |   4|       0 |       5 |      10 |
| 61   |  0  |      16 |       4 |   5|       0 |       5 |      10 |
| 62   |  0  |      16 |       5 |   6|       0 |       5 |      10 |
| 63   |  0  |      20 |       5 |   7|       0 |       5 |      10 |
| 64   |  0  |      20 |     -15 |   8|       0 |       5 |      10 |
| 65   |  0  |      18 |     -15 |   9|       0 |       5 |      10 |
| 66   |  0  |      18 |     -15 |  10|       0 |       5 |      10 |
| 67   |  0  |      16 |     -15 |  11|       0 |       5 |      10 |
| 68   |  0  |      16 |       5 |  12|       0 |       5 |      10 |
| 69   |  0  |      17 |       5 |  13|       0 |       5 |      10 |
| 70   |  0  |      17 |       5 |  14|       0 |       5 |      15 |
| 71   |  0  |      16 |       5 |  15|       0 |       5 |      15 |
| 72   |  0  |      16 |       5 |  16|       0 |       6 |      15 |
| 73   |  0  |       4 |       5 |  17|       0 |       6 |      15 |
| 74   |  0  |       4 |       5 |   4|       0 |       6 |      15 |
| 75   |  0  |      16 |       5 |   5|       0 |       6 |      15 |
| 76   |  0  |      16 |       6 |   6|       0 |       6 |      15 |
| 77   |  0  |      20 |       6 |   7|       0 |       6 |      15 |
| 78   |  0  |      20 |     -14 |   8|       0 |       6 |      15 |
| 79   |  0  |      18 |     -14 |   9|       0 |       6 |      15 |
| 80   |  0  |      18 |     -14 |  10|       0 |       6 |      15 |
| 81   |  0  |      16 |     -14 |  11|       0 |       6 |      15 |
| 82   |  0  |      16 |       6 |  12|       0 |       6 |      15 |
| 83   |  0  |      17 |       6 |  13|       0 |       6 |      15 |
| 84   |  0  |      17 |       6 |  14|       0 |       6 |      21 |
| 85   |  0  |      16 |       6 |  15|       0 |       6 |      21 |
| 86   |  0  |      16 |       6 |  16|       0 |       7 |      21 |
| 87   |  0  |       4 |       6 |  17|       0 |       7 |      21 |
| 88   |  0  |       4 |       6 |   4|       0 |       7 |      21 |
| 89   |  0  |      16 |       6 |   5|       0 |       7 |      21 |
| 90   |  0  |      16 |       7 |   6|       0 |       7 |      21 |
| 91   |  0  |      20 |       7 |   7|       0 |       7 |      21 |
| 92   |  0  |      20 |     -13 |   8|       0 |       7 |      21 |
| 93   |  0  |      18 |     -13 |   9|       0 |       7 |      21 |
| 94   |  0  |      18 |     -13 |  10|       0 |       7 |      21 |
| 95   |  0  |      16 |     -13 |  11|       0 |       7 |      21 |
| 96   |  0  |      16 |       7 |  12|       0 |       7 |      21 |
| 97   |  0  |      17 |       7 |  13|       0 |       7 |      21 |
| 98   |  0  |      17 |       7 |  14|       0 |       7 |      28 |
| 99   |  0  |      16 |       7 |  15|       0 |       7 |      28 |
| 100  |  0  |      16 |       7 |  16|       0 |       8 |      28 |
| 101  |  0  |       4 |       7 |  17|       0 |       8 |      28 |
| 102  |  0  |       4 |       7 |   4|       0 |       8 |      28 |
| 103  |  0  |      16 |       7 |   5|       0 |       8 |      28 |
| 104  |  0  |      16 |       8 |   6|       0 |       8 |      28 |
| 105  |  0  |      20 |       8 |   7|       0 |       8 |      28 |
| 106  |  0  |      20 |     -12 |   8|       0 |       8 |      28 |
| 107  |  0  |      18 |     -12 |   9|       0 |       8 |      28 |
| 108  |  0  |      18 |     -12 |  10|       0 |       8 |      28 |
| 109  |  0  |      16 |     -12 |  11|       0 |       8 |      28 |
| 110  |  0  |      16 |       8 |  12|       0 |       8 |      28 |
| 111  |  0  |      17 |       8 |  13|       0 |       8 |      28 |
| 112  |  0  |      17 |       8 |  14|       0 |       8 |      36 |
| 113  |  0  |      16 |       8 |  15|       0 |       8 |      36 |
| 114  |  0  |      16 |       8 |  16|       0 |       9 |      36 |
| 115  |  0  |       4 |       8 |  17|       0 |       9 |      36 |
| 116  |  0  |       4 |       8 |   4|       0 |       9 |      36 |
| 117  |  0  |      16 |       8 |   5|       0 |       9 |      36 |
| 118  |  0  |      16 |       9 |   6|       0 |       9 |      36 |
| 119  |  0  |      20 |       9 |   7|       0 |       9 |      36 |
| 120  |  0  |      20 |     -11 |   8|       0 |       9 |      36 |
| 121  |  0  |      18 |     -11 |   9|       0 |       9 |      36 |
| 122  |  0  |      18 |     -11 |  10|       0 |       9 |      36 |
| 123  |  0  |      16 |     -11 |  11|       0 |       9 |      36 |
| 124  |  0  |      16 |       9 |  12|       0 |       9 |      36 |
| 125  |  0  |      17 |       9 |  13|       0 |       9 |      36 |
| 126  |  0  |      17 |       9 |  14|       0 |       9 |      45 |
| 127  |  0  |      16 |       9 |  15|       0 |       9 |      45 |
| 128  |  0  |      16 |       9 |  16|       0 |      10 |      45 |
| 129  |  0  |       4 |       9 |  17|       0 |      10 |      45 |
| 130  |  0  |       4 |       9 |   4|       0 |      10 |      45 |
| 131  |  0  |      16 |       9 |   5|       0 |      10 |      45 |
| 132  |  0  |      16 |      10 |   6|       0 |      10 |      45 |
| 133  |  0  |      20 |      10 |   7|       0 |      10 |      45 |
| 134  |  0  |      20 |     -10 |   8|       0 |      10 |      45 |
| 135  |  0  |      18 |     -10 |   9|       0 |      10 |      45 |
| 136  |  0  |      18 |     -10 |  10|       0 |      10 |      45 |
| 137  |  0  |      16 |     -10 |  11|       0 |      10 |      45 |
| 138  |  0  |      16 |      10 |  12|       0 |      10 |      45 |
| 139  |  0  |      17 |      10 |  13|       0 |      10 |      45 |
| 140  |  0  |      17 |      10 |  14|       0 |      10 |      55 |
| 141  |  0  |      16 |      10 |  15|       0 |      10 |      55 |
| 142  |  0  |      16 |      10 |  16|       0 |      11 |      55 |
| 143  |  0  |       4 |      10 |  17|       0 |      11 |      55 |
| 144  |  0  |       4 |      10 |   4|       0 |      11 |      55 |
| 145  |  0  |      16 |      10 |   5|       0 |      11 |      55 |
| 146  |  0  |      16 |      11 |   6|       0 |      11 |      55 |
| 147  |  0  |      20 |      11 |   7|       0 |      11 |      55 |
| 148  |  0  |      20 |      -9 |   8|       0 |      11 |      55 |
| 149  |  0  |      18 |      -9 |   9|       0 |      11 |      55 |
| 150  |  0  |      18 |      -9 |  10|       0 |      11 |      55 |
| 151  |  0  |      16 |      -9 |  11|       0 |      11 |      55 |
| 152  |  0  |      16 |      11 |  12|       0 |      11 |      55 |
| 153  |  0  |      17 |      11 |  13|       0 |      11 |      55 |
| 154  |  0  |      17 |      11 |  14|       0 |      11 |      66 |
| 155  |  0  |      16 |      11 |  15|       0 |      11 |      66 |
| 156  |  0  |      16 |      11 |  16|       0 |      12 |      66 |
| 157  |  0  |       4 |      11 |  17|       0 |      12 |      66 |
| 158  |  0  |       4 |      11 |   4|       0 |      12 |      66 |
| 159  |  0  |      16 |      11 |   5|       0 |      12 |      66 |
| 160  |  0  |      16 |      12 |   6|       0 |      12 |      66 |
| 161  |  0  |      20 |      12 |   7|       0 |      12 |      66 |
| 162  |  0  |      20 |      -8 |   8|       0 |      12 |      66 |
| 163  |  0  |      18 |      -8 |   9|       0 |      12 |      66 |
| 164  |  0  |      18 |      -8 |  10|       0 |      12 |      66 |
| 165  |  0  |      16 |      -8 |  11|       0 |      12 |      66 |
| 166  |  0  |      16 |      12 |  12|       0 |      12 |      66 |
| 167  |  0  |      17 |      12 |  13|       0 |      12 |      66 |
| 168  |  0  |      17 |      12 |  14|       0 |      12 |      78 |
| 169  |  0  |      16 |      12 |  15|       0 |      12 |      78 |
| 170  |  0  |      16 |      12 |  16|       0 |      13 |      78 |
| 171  |  0  |       4 |      12 |  17|       0 |      13 |      78 |
| 172  |  0  |       4 |      12 |   4|       0 |      13 |      78 |
| 173  |  0  |      16 |      12 |   5|       0 |      13 |      78 |
| 174  |  0  |      16 |      13 |   6|       0 |      13 |      78 |
| 175  |  0  |      20 |      13 |   7|       0 |      13 |      78 |
| 176  |  0  |      20 |      -7 |   8|       0 |      13 |      78 |
| 177  |  0  |      18 |      -7 |   9|       0 |      13 |      78 |
| 178  |  0  |      18 |      -7 |  10|       0 |      13 |      78 |
| 179  |  0  |      16 |      -7 |  11|       0 |      13 |      78 |
| 180  |  0  |      16 |      13 |  12|       0 |      13 |      78 |
| 181  |  0  |      17 |      13 |  13|       0 |      13 |      78 |
| 182  |  0  |      17 |      13 |  14|       0 |      13 |      91 |
| 183  |  0  |      16 |      13 |  15|       0 |      13 |      91 |
| 184  |  0  |      16 |      13 |  16|       0 |      14 |      91 |
| 185  |  0  |       4 |      13 |  17|       0 |      14 |      91 |
| 186  |  0  |       4 |      13 |   4|       0 |      14 |      91 |
| 187  |  0  |      16 |      13 |   5|       0 |      14 |      91 |
| 188  |  0  |      16 |      14 |   6|       0 |      14 |      91 |
| 189  |  0  |      20 |      14 |   7|       0 |      14 |      91 |
| 190  |  0  |      20 |      -6 |   8|       0 |      14 |      91 |
| 191  |  0  |      18 |      -6 |   9|       0 |      14 |      91 |
| 192  |  0  |      18 |      -6 |  10|       0 |      14 |      91 |
| 193  |  0  |      16 |      -6 |  11|       0 |      14 |      91 |
| 194  |  0  |      16 |      14 |  12|       0 |      14 |      91 |
| 195  |  0  |      17 |      14 |  13|       0 |      14 |      91 |
| 196  |  0  |      17 |      14 |  14|       0 |      14 |     105 |
| 197  |  0  |      16 |      14 |  15|       0 |      14 |     105 |
| 198  |  0  |      16 |      14 |  16|       0 |      15 |     105 |
| 199  |  0  |       4 |      14 |  17|       0 |      15 |     105 |
| 200  |  0  |       4 |      14 |   4|       0 |      15 |     105 |
| 201  |  0  |      16 |      14 |   5|       0 |      15 |     105 |
| 202  |  0  |      16 |      15 |   6|       0 |      15 |     105 |
| 203  |  0  |      20 |      15 |   7|       0 |      15 |     105 |
| 204  |  0  |      20 |      -5 |   8|       0 |      15 |     105 |
| 205  |  0  |      18 |      -5 |   9|       0 |      15 |     105 |
| 206  |  0  |      18 |      -5 |  10|       0 |      15 |     105 |
| 207  |  0  |      16 |      -5 |  11|       0 |      15 |     105 |
| 208  |  0  |      16 |      15 |  12|       0 |      15 |     105 |
| 209  |  0  |      17 |      15 |  13|       0 |      15 |     105 |
| 210  |  0  |      17 |      15 |  14|       0 |      15 |     120 |
| 211  |  0  |      16 |      15 |  15|       0 |      15 |     120 |
| 212  |  0  |      16 |      15 |  16|       0 |      16 |     120 |
| 213  |  0  |       4 |      15 |  17|       0 |      16 |     120 |
| 214  |  0  |       4 |      15 |   4|       0 |      16 |     120 |
| 215  |  0  |      16 |      15 |   5|       0 |      16 |     120 |
| 216  |  0  |      16 |      16 |   6|       0 |      16 |     120 |
| 217  |  0  |      20 |      16 |   7|       0 |      16 |     120 |
| 218  |  0  |      20 |      -4 |   8|       0 |      16 |     120 |
| 219  |  0  |      18 |      -4 |   9|       0 |      16 |     120 |
| 220  |  0  |      18 |      -4 |  10|       0 |      16 |     120 |
| 221  |  0  |      16 |      -4 |  11|       0 |      16 |     120 |
| 222  |  0  |      16 |      16 |  12|       0 |      16 |     120 |
| 223  |  0  |      17 |      16 |  13|       0 |      16 |     120 |
| 224  |  0  |      17 |      16 |  14|       0 |      16 |     136 |
| 225  |  0  |      16 |      16 |  15|       0 |      16 |     136 |
| 226  |  0  |      16 |      16 |  16|       0 |      17 |     136 |
| 227  |  0  |       4 |      16 |  17|       0 |      17 |     136 |
| 228  |  0  |       4 |      16 |   4|       0 |      17 |     136 |
| 229  |  0  |      16 |      16 |   5|       0 |      17 |     136 |
| 230  |  0  |      16 |      17 |   6|       0 |      17 |     136 |
| 231  |  0  |      20 |      17 |   7|       0 |      17 |     136 |
| 232  |  0  |      20 |      -3 |   8|       0 |      17 |     136 |
| 233  |  0  |      18 |      -3 |   9|       0 |      17 |     136 |
| 234  |  0  |      18 |      -3 |  10|       0 |      17 |     136 |
| 235  |  0  |      16 |      -3 |  11|       0 |      17 |     136 |
| 236  |  0  |      16 |      17 |  12|       0 |      17 |     136 |
| 237  |  0  |      17 |      17 |  13|       0 |      17 |     136 |
| 238  |  0  |      17 |      17 |  14|       0 |      17 |     153 |
| 239  |  0  |      16 |      17 |  15|       0 |      17 |     153 |
| 240  |  0  |      16 |      17 |  16|       0 |      18 |     153 |
| 241  |  0  |       4 |      17 |  17|       0 |      18 |     153 |
| 242  |  0  |       4 |      17 |   4|       0 |      18 |     153 |
| 243  |  0  |      16 |      17 |   5|       0 |      18 |     153 |
| 244  |  0  |      16 |      18 |   6|       0 |      18 |     153 |
| 245  |  0  |      20 |      18 |   7|       0 |      18 |     153 |
| 246  |  0  |      20 |      -2 |   8|       0 |      18 |     153 |
| 247  |  0  |      18 |      -2 |   9|       0 |      18 |     153 |
| 248  |  0  |      18 |      -2 |  10|       0 |      18 |     153 |
| 249  |  0  |      16 |      -2 |  11|       0 |      18 |     153 |
| 250  |  0  |      16 |      18 |  12|       0 |      18 |     153 |
| 251  |  0  |      17 |      18 |  13|       0 |      18 |     153 |
| 252  |  0  |      17 |      18 |  14|       0 |      18 |     171 |
| 253  |  0  |      16 |      18 |  15|       0 |      18 |     171 |
| 254  |  0  |      16 |      18 |  16|       0 |      19 |     171 |
| 255  |  0  |       4 |      18 |  17|       0 |      19 |     171 |
| 256  |  0  |       4 |      18 |   4|       0 |      19 |     171 |
| 257  |  0  |      16 |      18 |   5|       0 |      19 |     171 |
| 258  |  0  |      16 |      19 |   6|       0 |      19 |     171 |
| 259  |  0  |      20 |      19 |   7|       0 |      19 |     171 |
| 260  |  0  |      20 |      -1 |   8|       0 |      19 |     171 |
| 261  |  0  |      18 |      -1 |   9|       0 |      19 |     171 |
| 262  |  0  |      18 |      -1 |  10|       0 |      19 |     171 |
| 263  |  0  |      16 |      -1 |  11|       0 |      19 |     171 |
| 264  |  0  |      16 |      19 |  12|       0 |      19 |     171 |
| 265  |  0  |      17 |      19 |  13|       0 |      19 |     171 |
| 266  |  0  |      17 |      19 |  14|       0 |      19 |     190 |
| 267  |  0  |      16 |      19 |  15|       0 |      19 |     190 |
| 268  |  0  |      16 |      19 |  16|       0 |      20 |     190 |
| 269  |  0  |       4 |      19 |  17|       0 |      20 |     190 |
| 270  |  0  |       4 |      19 |   4|       0 |      20 |     190 |
| 271  |  0  |      16 |      19 |   5|       0 |      20 |     190 |
| 272  |  0  |      16 |      20 |   6|       0 |      20 |     190 |
| 273  |  0  |      20 |      20 |   7|       0 |      20 |     190 |
| 274  |  0  |      20 |       0 |   8|       0 |      20 |     190 |
| 275  |  0  |      18 |       0 |   9|       0 |      20 |     190 |
| 276  |  0  |      18 |       0 |  18|       0 |      20 |     190 |
| 277  |  0  |      18 |       0 |  19|       0 |      20 |     190 |
| 278  |  0  |      18 |       0 |  18|       0 |      20 |     190 |
| 279  |  0  |      18 |       0 |  19|       0 |      20 |     190 |
| 280  |  0  |      18 |       0 |  18|       0 |      20 |     190 |
| 281  |  0  |      18 |       0 |  19|       0 |      20 |     190 |
| 282  |  0  |      18 |       0 |  18|       0 |      20 |     190 |
| 283  |  0  |      18 |       0 |  19|       0 |      20 |     190 |
| 284  |  0  |      18 |       0 |  18|       0 |      20 |     190 |
| 285  |  0  |      18 |       0 |  19|       0 |      20 |     190 |
| 286  |  0  |      18 |       0 |  18|       0 |      20 |     190 |
| 287  |  0  |      18 |       0 |  19|       0 |      20 |     190 |
| 288  |  0  |      18 |       0 |  18|       0 |      20 |     190 |
| 289  |  0  |      18 |       0 |  19|       0 |      20 |     190 |
| 290  |  0  |      18 |       0 |  18|       0 |      20 |     190 |
| 291  |  0  |      18 |       0 |  19|       0 |      20 |     190 |
| 292  |  0  |      18 |       0 |  18|       0 |      20 |     190 |
| 293  |  0  |      18 |       0 |  19|       0 |      20 |     190 |
| 294  |  0  |      18 |       0 |  18|       0 |      20 |     190 |
| 295  |  0  |      18 |       0 |  19|       0 |      20 |     190 |
| 296  |  0  |      18 |       0 |  18|       0 |      20 |     190 |
| 297  |  0  |      18 |       0 |  19|       0 |      20 |     190 |
| 298  |  0  |      18 |       0 |  18|       0 |      20 |     190 |
| 299  |  0  |      18 |       0 |  19|       0 |      20 |     190 |
| 300  |  0  |      18 |       0 |  18|       0 |      20 |     190 |
